{"total": {"lines":{"total":81,"covered":75,"skipped":0,"pct":92.59},"statements":{"total":82,"covered":76,"skipped":0,"pct":92.68},"functions":{"total":9,"covered":9,"skipped":0,"pct":100},"branches":{"total":17,"covered":14,"skipped":0,"pct":82.35},"branchesTrue":{"total":0,"covered":0,"skipped":0,"pct":"Unknown"}}
,"C:\\Users\\danda\\OneDrive\\Desktop\\TP Danial\\Y2S2\\4.DVOP\\Projects\\resource-mgmt": {"lines":{"total":81,"covered":75,"skipped":0,"pct":92.59},"functions":{"total":9,"covered":9,"skipped":0,"pct":100},"statements":{"total":82,"covered":76,"skipped":0,"pct":92.68},"branches":{"total":17,"covered":14,"skipped":0,"pct":82.35}}
}
