{"C:\\Users\\danda\\OneDrive\\Desktop\\TP Danial\\Y2S2\\4.DVOP\\Projects\\resource-mgmt": {"path":"C:\\Users\\danda\\OneDrive\\Desktop\\TP Danial\\Y2S2\\4.DVOP\\Projects\\resource-mgmt","statementMap":{"0":{"start":{"line":2,"column":19},"end":{"line":2,"column":21}},"1":{"start":{"line":3,"column":18},"end":{"line":3,"column":38}},"2":{"start":{"line":5,"column":4},"end":{"line":5,"column":49}},"3":{"start":{"line":6,"column":4},"end":{"line":6,"column":65}},"4":{"start":{"line":8,"column":4},"end":{"line":29,"column":6}},"5":{"start":{"line":9,"column":8},"end":{"line":9,"column":52}},"6":{"start":{"line":10,"column":19},"end":{"line":10,"column":21}},"7":{"start":{"line":12,"column":8},"end":{"line":26,"column":9}},"8":{"start":{"line":12,"column":21},"end":{"line":12,"column":22}},"9":{"start":{"line":13,"column":12},"end":{"line":25,"column":24}},"10":{"start":{"line":28,"column":8},"end":{"line":28,"column":65}},"11":{"start":{"line":31,"column":4},"end":{"line":31,"column":19}},"12":{"start":{"line":35,"column":19},"end":{"line":35,"column":21}},"13":{"start":{"line":36,"column":19},"end":{"line":36,"column":31}},"14":{"start":{"line":37,"column":4},"end":{"line":37,"column":58}},"15":{"start":{"line":38,"column":4},"end":{"line":38,"column":66}},"16":{"start":{"line":39,"column":4},"end":{"line":39,"column":72}},"17":{"start":{"line":40,"column":4},"end":{"line":40,"column":60}},"18":{"start":{"line":41,"column":4},"end":{"line":45,"column":5}},"19":{"start":{"line":42,"column":8},"end":{"line":42,"column":82}},"20":{"start":{"line":43,"column":8},"end":{"line":43,"column":80}},"21":{"start":{"line":44,"column":8},"end":{"line":44,"column":15}},"22":{"start":{"line":46,"column":18},"end":{"line":46,"column":38}},"23":{"start":{"line":47,"column":4},"end":{"line":47,"column":48}},"24":{"start":{"line":48,"column":4},"end":{"line":48,"column":65}},"25":{"start":{"line":49,"column":4},"end":{"line":67,"column":6}},"26":{"start":{"line":50,"column":8},"end":{"line":50,"column":52}},"27":{"start":{"line":51,"column":8},"end":{"line":51,"column":29}},"28":{"start":{"line":52,"column":8},"end":{"line":66,"column":9}},"29":{"start":{"line":53,"column":12},"end":{"line":54,"column":36}},"30":{"start":{"line":55,"column":12},"end":{"line":55,"column":85}},"31":{"start":{"line":56,"column":12},"end":{"line":56,"column":55}},"32":{"start":{"line":57,"column":12},"end":{"line":57,"column":59}},"33":{"start":{"line":58,"column":12},"end":{"line":58,"column":62}},"34":{"start":{"line":59,"column":12},"end":{"line":59,"column":56}},"35":{"start":{"line":60,"column":12},"end":{"line":60,"column":48}},"36":{"start":{"line":63,"column":12},"end":{"line":63,"column":85}},"37":{"start":{"line":64,"column":12},"end":{"line":64,"column":84}},"38":{"start":{"line":65,"column":12},"end":{"line":65,"column":84}},"39":{"start":{"line":68,"column":4},"end":{"line":68,"column":43}},"40":{"start":{"line":72,"column":27},"end":{"line":72,"column":43}},"41":{"start":{"line":73,"column":4},"end":{"line":73,"column":41}},"42":{"start":{"line":74,"column":4},"end":{"line":74,"column":70}},"43":{"start":{"line":75,"column":4},"end":{"line":75,"column":78}},"44":{"start":{"line":76,"column":4},"end":{"line":76,"column":84}},"45":{"start":{"line":77,"column":4},"end":{"line":77,"column":72}},"46":{"start":{"line":78,"column":4},"end":{"line":78,"column":36}},"47":{"start":{"line":79,"column":4},"end":{"line":79,"column":117}},"48":{"start":{"line":80,"column":4},"end":{"line":80,"column":42}},"49":{"start":{"line":84,"column":4},"end":{"line":84,"column":19}},"50":{"start":{"line":85,"column":19},"end":{"line":85,"column":21}},"51":{"start":{"line":86,"column":19},"end":{"line":86,"column":31}},"52":{"start":{"line":87,"column":4},"end":{"line":87,"column":62}},"53":{"start":{"line":88,"column":4},"end":{"line":88,"column":70}},"54":{"start":{"line":89,"column":4},"end":{"line":89,"column":76}},"55":{"start":{"line":90,"column":4},"end":{"line":90,"column":64}},"56":{"start":{"line":91,"column":4},"end":{"line":96,"column":5}},"57":{"start":{"line":93,"column":8},"end":{"line":93,"column":86}},"58":{"start":{"line":94,"column":8},"end":{"line":94,"column":84}},"59":{"start":{"line":95,"column":8},"end":{"line":95,"column":15}},"60":{"start":{"line":97,"column":18},"end":{"line":97,"column":38}},"61":{"start":{"line":98,"column":4},"end":{"line":98,"column":54}},"62":{"start":{"line":99,"column":4},"end":{"line":99,"column":65}},"63":{"start":{"line":100,"column":4},"end":{"line":112,"column":6}},"64":{"start":{"line":101,"column":8},"end":{"line":101,"column":52}},"65":{"start":{"line":102,"column":8},"end":{"line":111,"column":9}},"66":{"start":{"line":103,"column":12},"end":{"line":103,"column":105}},"67":{"start":{"line":104,"column":12},"end":{"line":105,"column":32}},"68":{"start":{"line":106,"column":12},"end":{"line":106,"column":48}},"69":{"start":{"line":109,"column":12},"end":{"line":109,"column":90}},"70":{"start":{"line":110,"column":12},"end":{"line":110,"column":88}},"71":{"start":{"line":113,"column":4},"end":{"line":113,"column":43}},"72":{"start":{"line":117,"column":19},"end":{"line":117,"column":21}},"73":{"start":{"line":118,"column":18},"end":{"line":118,"column":38}},"74":{"start":{"line":119,"column":4},"end":{"line":119,"column":67}},"75":{"start":{"line":120,"column":4},"end":{"line":120,"column":65}},"76":{"start":{"line":121,"column":4},"end":{"line":129,"column":6}},"77":{"start":{"line":122,"column":8},"end":{"line":122,"column":52}},"78":{"start":{"line":123,"column":8},"end":{"line":128,"column":9}},"79":{"start":{"line":124,"column":12},"end":{"line":124,"column":48}},"80":{"start":{"line":127,"column":12},"end":{"line":127,"column":48}},"81":{"start":{"line":130,"column":4},"end":{"line":130,"column":19}}},"fnMap":{"0":{"name":"viewResources","decl":{"start":{"line":1,"column":9},"end":{"line":1,"column":22}},"loc":{"start":{"line":1,"column":25},"end":{"line":32,"column":1}},"line":1},"1":{"name":"(anonymous_1)","decl":{"start":{"line":8,"column":21},"end":{"line":8,"column":22}},"loc":{"start":{"line":8,"column":33},"end":{"line":29,"column":5}},"line":8},"2":{"name":"addResource","decl":{"start":{"line":34,"column":9},"end":{"line":34,"column":20}},"loc":{"start":{"line":34,"column":23},"end":{"line":69,"column":1}},"line":34},"3":{"name":"(anonymous_3)","decl":{"start":{"line":49,"column":21},"end":{"line":49,"column":22}},"loc":{"start":{"line":49,"column":33},"end":{"line":67,"column":5}},"line":49},"4":{"name":"editResource","decl":{"start":{"line":71,"column":9},"end":{"line":71,"column":21}},"loc":{"start":{"line":71,"column":28},"end":{"line":81,"column":1}},"line":71},"5":{"name":"updateResource","decl":{"start":{"line":83,"column":9},"end":{"line":83,"column":23}},"loc":{"start":{"line":83,"column":28},"end":{"line":114,"column":1}},"line":83},"6":{"name":"(anonymous_6)","decl":{"start":{"line":100,"column":21},"end":{"line":100,"column":22}},"loc":{"start":{"line":100,"column":33},"end":{"line":112,"column":5}},"line":100},"7":{"name":"deleteResource","decl":{"start":{"line":116,"column":9},"end":{"line":116,"column":23}},"loc":{"start":{"line":116,"column":36},"end":{"line":131,"column":1}},"line":116},"8":{"name":"(anonymous_8)","decl":{"start":{"line":121,"column":21},"end":{"line":121,"column":22}},"loc":{"start":{"line":121,"column":33},"end":{"line":129,"column":5}},"line":121}},"branchMap":{"0":{"loc":{"start":{"line":41,"column":4},"end":{"line":45,"column":5}},"type":"if","locations":[{"start":{"line":41,"column":4},"end":{"line":45,"column":5}},{"start":{},"end":{}}],"line":41},"1":{"loc":{"start":{"line":41,"column":8},"end":{"line":41,"column":84}},"type":"binary-expr","locations":[{"start":{"line":41,"column":8},"end":{"line":41,"column":27}},{"start":{"line":41,"column":31},"end":{"line":41,"column":54}},{"start":{"line":41,"column":58},"end":{"line":41,"column":84}}],"line":41},"2":{"loc":{"start":{"line":52,"column":8},"end":{"line":66,"column":9}},"type":"if","locations":[{"start":{"line":52,"column":8},"end":{"line":66,"column":9}},{"start":{"line":62,"column":13},"end":{"line":66,"column":9}}],"line":52},"3":{"loc":{"start":{"line":91,"column":4},"end":{"line":96,"column":5}},"type":"if","locations":[{"start":{"line":91,"column":4},"end":{"line":96,"column":5}},{"start":{},"end":{}}],"line":91},"4":{"loc":{"start":{"line":91,"column":8},"end":{"line":92,"column":28}},"type":"binary-expr","locations":[{"start":{"line":91,"column":8},"end":{"line":91,"column":27}},{"start":{"line":91,"column":31},"end":{"line":91,"column":54}},{"start":{"line":91,"column":58},"end":{"line":91,"column":84}},{"start":{"line":92,"column":8},"end":{"line":92,"column":28}}],"line":91},"5":{"loc":{"start":{"line":102,"column":8},"end":{"line":111,"column":9}},"type":"if","locations":[{"start":{"line":102,"column":8},"end":{"line":111,"column":9}},{"start":{"line":108,"column":13},"end":{"line":111,"column":9}}],"line":102},"6":{"loc":{"start":{"line":123,"column":8},"end":{"line":128,"column":9}},"type":"if","locations":[{"start":{"line":123,"column":8},"end":{"line":128,"column":9}},{"start":{"line":126,"column":13},"end":{"line":128,"column":9}}],"line":123}},"s":{"0":9,"1":9,"2":9,"3":9,"4":9,"5":8,"6":8,"7":8,"8":8,"9":13,"10":8,"11":9,"12":3,"13":3,"14":3,"15":3,"16":3,"17":3,"18":3,"19":1,"20":1,"21":1,"22":2,"23":2,"24":2,"25":2,"26":2,"27":2,"28":2,"29":1,"30":1,"31":1,"32":1,"33":1,"34":1,"35":1,"36":1,"37":1,"38":1,"39":2,"40":1,"41":1,"42":1,"43":1,"44":1,"45":1,"46":1,"47":1,"48":1,"49":1,"50":1,"51":1,"52":1,"53":1,"54":1,"55":1,"56":1,"57":0,"58":0,"59":0,"60":1,"61":1,"62":1,"63":1,"64":1,"65":1,"66":1,"67":1,"68":1,"69":0,"70":0,"71":1,"72":1,"73":1,"74":1,"75":1,"76":1,"77":1,"78":1,"79":1,"80":0,"81":1},"f":{"0":9,"1":8,"2":3,"3":2,"4":1,"5":1,"6":1,"7":1,"8":1},"b":{"0":[1,2],"1":[3,2,2],"2":[1,1],"3":[0,1],"4":[1,1,1,1],"5":[1,0],"6":[1,0]},"_coverageSchema":"1a1c01bbd47fc00a2c39e90264f33305004495a9","hash":"9c16d2a17311dc80c9e8d77b5ad49b960f693584"}
}
