TN:
SF:
FN:1,viewResources
FN:8,(anonymous_1)
FN:34,addResource
FN:49,(anonymous_3)
FN:71,editResource
FN:83,updateResource
FN:100,(anonymous_6)
FN:116,deleteResource
FN:121,(anonymous_8)
FNF:9
FNH:9
FNDA:9,viewResources
FNDA:8,(anonymous_1)
FNDA:3,addResource
FNDA:2,(anonymous_3)
FNDA:1,editResource
FNDA:1,updateResource
FNDA:1,(anonymous_6)
FNDA:1,deleteResource
FNDA:1,(anonymous_8)
DA:2,9
DA:3,9
DA:5,9
DA:6,9
DA:8,9
DA:9,8
DA:10,8
DA:12,8
DA:13,13
DA:28,8
DA:31,9
DA:35,3
DA:36,3
DA:37,3
DA:38,3
DA:39,3
DA:40,3
DA:41,3
DA:42,1
DA:43,1
DA:44,1
DA:46,2
DA:47,2
DA:48,2
DA:49,2
DA:50,2
DA:51,2
DA:52,2
DA:53,1
DA:55,1
DA:56,1
DA:57,1
DA:58,1
DA:59,1
DA:60,1
DA:63,1
DA:64,1
DA:65,1
DA:68,2
DA:72,1
DA:73,1
DA:74,1
DA:75,1
DA:76,1
DA:77,1
DA:78,1
DA:79,1
DA:80,1
DA:84,1
DA:85,1
DA:86,1
DA:87,1
DA:88,1
DA:89,1
DA:90,1
DA:91,1
DA:93,0
DA:94,0
DA:95,0
DA:97,1
DA:98,1
DA:99,1
DA:100,1
DA:101,1
DA:102,1
DA:103,1
DA:104,1
DA:106,1
DA:109,0
DA:110,0
DA:113,1
DA:117,1
DA:118,1
DA:119,1
DA:120,1
DA:121,1
DA:122,1
DA:123,1
DA:124,1
DA:127,0
DA:130,1
LF:81
LH:75
BRDA:41,0,0,1
BRDA:41,0,1,2
BRDA:41,1,0,3
BRDA:41,1,1,2
BRDA:41,1,2,2
BRDA:52,2,0,1
BRDA:52,2,1,1
BRDA:91,3,0,0
BRDA:91,3,1,1
BRDA:91,4,0,1
BRDA:91,4,1,1
BRDA:91,4,2,1
BRDA:91,4,3,1
BRDA:102,5,0,1
BRDA:102,5,1,0
BRDA:123,6,0,1
BRDA:123,6,1,0
BRF:17
BRH:14
end_of_record
